2018-06-18 12:49:14,617 Parameters used: 
2018-06-18 12:49:14,618 epochs: 50
2018-06-18 12:49:14,618 batch_size: 128
2018-06-18 12:49:14,618 image_dim: 424
2018-06-18 12:49:14,618 max_train_batches: None
2018-06-18 12:49:14,618 log_freq: 10
2018-06-18 12:49:14,618 log_dir: runs/bayesian_panoptes_featured_s424_l0.4_saver
2018-06-18 12:49:14,618 train_batches: 30
2018-06-18 12:49:14,618 eval_batches: 3
2018-06-18 12:49:14,618 padding: same
2018-06-18 12:49:14,618 conv1_filters: 32
2018-06-18 12:49:14,618 conv1_kernel: 1
2018-06-18 12:49:14,618 conv1_activation: <function relu at 0x114637268>
2018-06-18 12:49:14,618 pool1_size: 2
2018-06-18 12:49:14,618 pool1_strides: 2
2018-06-18 12:49:14,618 conv2_filters: 32
2018-06-18 12:49:14,618 conv2_kernel: 3
2018-06-18 12:49:14,618 conv2_activation: <function relu at 0x114637268>
2018-06-18 12:49:14,618 pool2_size: 2
2018-06-18 12:49:14,618 pool2_strides: 2
2018-06-18 12:49:14,618 conv3_filters: 16
2018-06-18 12:49:14,618 conv3_kernel: 3
2018-06-18 12:49:14,618 conv3_activation: <function relu at 0x114637268>
2018-06-18 12:49:14,618 pool3_size: 2
2018-06-18 12:49:14,618 pool3_strides: 2
2018-06-18 12:49:14,618 dense1_units: 128
2018-06-18 12:49:14,618 dense1_dropout: 0.5
2018-06-18 12:49:14,618 dense1_activation: <function relu at 0x114637268>
2018-06-18 12:49:14,618 learning_rate: 0.001
2018-06-18 12:49:14,618 optimizer: <class 'tensorflow.python.training.adam.AdamOptimizer'>
2018-06-18 12:49:14,619 train_loc: data/panoptes_featured_s424_l0.4_train.tfrecord
2018-06-18 12:49:14,619 test_loc: data/panoptes_featured_s424_l0.4_test.tfrecord
2018-06-18 12:49:14,619 channels: 3
2018-06-18 12:49:14,619 label_col: smooth-or-featured_prediction-encoded
2018-06-18 12:49:14,619 stratify_probs: [0.33483146067415726, 0.6651685393258427]
2018-06-18 12:49:14,619 train: {'name': 'train', 'stratify': True, 'transform': True, 'rotation_range': 90, 'height_shift_range': 5, 'width_shift_range': 5, 'zoom_range': [0.95, 1.05], 'horizontal_flip': True, 'vertical_flip': True, 'fill_mode': 'wrap', 'cval': 0.0, 'batch_size': 128, 'image_dim': 424, 'channels': 3, 'stratify_probs': [0.33483146067415726, 0.6651685393258427]}
2018-06-18 12:49:14,619 eval: {'name': 'eval', 'stratify': True, 'transform': False, 'batch_size': 128, 'image_dim': 424, 'channels': 3, 'stratify_probs': [0.33483146067415726, 0.6651685393258427]}
2018-06-18 12:49:14,619 min_epochs: 0
2018-06-18 12:49:14,619 early_stopping_window: 10
2018-06-18 12:49:14,619 max_sadness: 4.0
2018-06-18 12:49:14,619 logging_hooks: ([<tensorflow.python.training.basic_session_run_hooks.LoggingTensorHook object at 0x18215970f0>], [<tensorflow.python.training.basic_session_run_hooks.LoggingTensorHook object at 0x1821d17c88>], [<tensorflow.python.training.basic_session_run_hooks.LoggingTensorHook object at 0x1821d17d68>])
2018-06-18 12:49:14,619 save_freq: 10
2018-06-18 12:49:14,619 Using default config.
2018-06-18 12:49:14,620 Using config: {'_model_dir': 'runs/bayesian_panoptes_featured_s424_l0.4_saver', '_tf_random_seed': None, '_save_summary_steps': 100, '_save_checkpoints_steps': None, '_save_checkpoints_secs': 600, '_session_config': None, '_keep_checkpoint_max': 5, '_keep_checkpoint_every_n_hours': 10000, '_log_step_count_steps': 100, '_train_distribute': None, '_service': None, '_cluster_spec': <tensorflow.python.training.server_lib.ClusterSpec object at 0x1821d17fd0>, '_task_type': 'worker', '_task_id': 0, '_global_id_in_cluster': 0, '_master': '', '_evaluation_master': '', '_is_chief': True, '_num_ps_replicas': 0, '_num_worker_replicas': 1}
2018-06-18 12:49:24,785 Calling model_fn.
2018-06-18 12:49:25,092 Done calling model_fn.
2018-06-18 12:49:25,093 Create CheckpointSaverHook.
2018-06-18 12:49:25,325 Graph was finalized.
2018-06-18 12:49:25,512 Running local_init_op.
2018-06-18 12:49:25,520 Done running local_init_op.
2018-06-18 12:51:48,082 Saving checkpoints for 1 into runs/bayesian_panoptes_featured_s424_l0.4_saver/model.ckpt.
2018-06-18 12:51:56,575 labels = [0 1 1 1 0 0 0 0 1 0 0 1 1 0 1 0 0 1 1 1 1 1 0 1 1 1 1 0 0 1 1 0 0 1 0 1 1
 0 1 1 1 1 0 0 0 0 1 1 1 1 0 0 1 0 1 1 0 1 0 0 1 0 1 1 1 1 0 1 0 0 1 1 1 0
 0 0 1 1 0 0 0 0 0 1 1 1 0 1 1 0 1 0 1 0 0 1 0 1 1 1 0 1 1 1 0 1 0 1 1 0 1
 0 1 1 0 0 0 1 0 0 1 0 1 0 1 1 0 0], probabilities = [[0.09682138 0.9031786 ]
 [0.19948897 0.80051106]
 [0.11410826 0.88589174]
 [0.00850204 0.99149793]
 [0.0346696  0.96533036]
 [0.56573045 0.4342695 ]
 [0.5        0.5       ]
 [0.5        0.5       ]
 [0.7392204  0.26077962]
 [0.5        0.5       ]
 [0.42212588 0.5778741 ]
 [0.1080424  0.8919576 ]
 [0.8125385  0.18746147]
 [0.5        0.5       ]
 [0.27750373 0.7224963 ]
 [0.63502955 0.36497045]
 [0.5        0.5       ]
 [0.5        0.5       ]
 [0.5        0.5       ]
 [0.5        0.5       ]
 [0.38538027 0.61461973]
 [0.5        0.5       ]
 [0.0055244  0.99447566]
 [0.25631213 0.74368787]
 [0.5        0.5       ]
 [0.28917277 0.7108272 ]
 [0.5        0.5       ]
 [0.5        0.5       ]
 [0.0369683  0.9630317 ]
 [0.5        0.5       ]
 [0.99263716 0.00736285]
 [0.0732661  0.9267339 ]
 [0.5        0.5       ]
 [0.4952222  0.5047778 ]
 [0.98236096 0.01763906]
 [0.5        0.5       ]
 [0.51439214 0.48560783]
 [0.16386612 0.8361339 ]
 [0.17624925 0.82375073]
 [0.0584056  0.9415944 ]
 [0.28400162 0.71599835]
 [0.5        0.5       ]
 [0.48443073 0.51556927]
 [0.11040129 0.8895987 ]
 [0.5        0.5       ]
 [0.22968529 0.77031463]
 [0.23725499 0.762745  ]
 [0.5        0.5       ]
 [0.5        0.5       ]
 [0.5        0.5       ]
 [0.5        0.5       ]
 [0.83791786 0.16208214]
 [0.5        0.5       ]
 [0.2244535  0.7755465 ]
 [0.5        0.5       ]
 [0.93810636 0.06189368]
 [0.5        0.5       ]
 [0.00412708 0.9958729 ]
 [0.5        0.5       ]
 [0.5        0.5       ]
 [0.5        0.5       ]
 [0.5394661  0.46053392]
 [0.29761764 0.7023824 ]
 [0.5        0.5       ]
 [0.10229141 0.89770854]
 [0.5        0.5       ]
 [0.5        0.5       ]
 [0.2918158  0.70818424]
 [0.5        0.5       ]
 [0.27195787 0.7280421 ]
 [0.5        0.5       ]
 [0.00510883 0.99489117]
 [0.09241875 0.9075812 ]
 [0.66423595 0.335764  ]
 [0.0068693  0.99313074]
 [0.00042359 0.9995764 ]
 [0.5        0.5       ]
 [0.5        0.5       ]
 [0.5        0.5       ]
 [0.5        0.5       ]
 [0.85399485 0.14600511]
 [0.5        0.5       ]
 [0.5        0.5       ]
 [0.5        0.5       ]
 [0.43935874 0.5606412 ]
 [0.5        0.5       ]
 [0.47503823 0.5249617 ]
 [0.5        0.5       ]
 [0.01786151 0.9821385 ]
 [0.10719763 0.8928024 ]
 [0.5        0.5       ]
 [0.5        0.5       ]
 [0.1768519  0.8231481 ]
 [0.9349792  0.06502085]
 [0.8529631  0.14703691]
 [0.3564221  0.6435779 ]
 [0.96279085 0.03720915]
 [0.5        0.5       ]
 [0.01267779 0.98732215]
 [0.5        0.5       ]
 [0.5        0.5       ]
 [0.04497514 0.95502484]
 [0.5        0.5       ]
 [0.5        0.5       ]
 [0.5        0.5       ]
 [0.5        0.5       ]
 [0.52157474 0.47842526]
 [0.5        0.5       ]
 [0.5        0.5       ]
 [0.43484753 0.56515247]
 [0.01490279 0.98509717]
 [0.5        0.5       ]
 [0.5        0.5       ]
 [0.5        0.5       ]
 [0.0733097  0.9266903 ]
 [0.5        0.5       ]
 [0.47541994 0.52458   ]
 [0.5        0.5       ]
 [0.987376   0.01262399]
 [0.09327463 0.9067254 ]
 [0.5        0.5       ]
 [0.9990871  0.00091293]
 [0.26441383 0.7355861 ]
 [0.5        0.5       ]
 [0.5        0.5       ]
 [0.67134374 0.32865626]
 [0.5        0.5       ]
 [0.73017186 0.26982814]], mean_loss = 0.8860815
2018-06-18 12:51:56,575 loss = 0.8860815, step = 1
