2018-06-25 14:10:38,949 Parameters used: 
2018-06-25 14:10:38,949 initial_size: 424
2018-06-25 14:10:38,949 final_size: 64
2018-06-25 14:10:38,950 channels: 3
2018-06-25 14:10:38,950 label_col: label
2018-06-25 14:10:38,950 epochs: 250
2018-06-25 14:10:38,950 train_batches: 30
2018-06-25 14:10:38,950 eval_batches: 3
2018-06-25 14:10:38,950 batch_size: 128
2018-06-25 14:10:38,950 log_dir: runs/bayesian_panoptes_featured_si424_sf64_l0.4_augs
2018-06-25 14:10:38,950 save_freq: 10
2018-06-25 14:10:38,950 max_sadness: 4.0
2018-06-25 14:10:38,950 early_stopping_window: 10
2018-06-25 14:10:38,950 min_epochs: 0
2018-06-25 14:10:38,950 train_config: <zoobot.estimators.input_utils.InputConfig object at 0x1823e64898>
2018-06-25 14:10:38,950 eval_config: <zoobot.estimators.input_utils.InputConfig object at 0x1823e648d0>
2018-06-25 14:10:38,950 model: <zoobot.estimators.bayesian_estimator_funcs.BayesianBinaryModel object at 0x1823fc20f0>
2018-06-25 14:10:38,950 Next object 

2018-06-25 14:10:38,950 name: train
2018-06-25 14:10:38,950 tfrecord_loc: data/panoptes_featured_s424_l0.4_train.tfrecord
2018-06-25 14:10:38,950 label_col: label
2018-06-25 14:10:38,950 initial_size: 424
2018-06-25 14:10:38,950 final_size: 64
2018-06-25 14:10:38,950 channels: 3
2018-06-25 14:10:38,950 batch_size: 128
2018-06-25 14:10:38,950 stratify: True
2018-06-25 14:10:38,950 stratify_probs: [0.33483146067415726, 0.6651685393258427]
2018-06-25 14:10:38,950 geometric_augmentation: True
2018-06-25 14:10:38,950 shift_range: None
2018-06-25 14:10:38,951 max_zoom: 1.2
2018-06-25 14:10:38,951 fill_mode: wrap
2018-06-25 14:10:38,951 photographic_augmentation: False
2018-06-25 14:10:38,951 max_brightness_delta: 0.05
2018-06-25 14:10:38,951 contrast_range: (0.95, 1.05)
2018-06-25 14:10:38,951 Next object 

2018-06-25 14:10:38,951 name: eval
2018-06-25 14:10:38,951 tfrecord_loc: data/panoptes_featured_s424_l0.4_test.tfrecord
2018-06-25 14:10:38,951 label_col: label
2018-06-25 14:10:38,951 initial_size: 424
2018-06-25 14:10:38,951 final_size: 64
2018-06-25 14:10:38,951 channels: 3
2018-06-25 14:10:38,951 batch_size: 128
2018-06-25 14:10:38,951 stratify: True
2018-06-25 14:10:38,951 stratify_probs: [0.33483146067415726, 0.6651685393258427]
2018-06-25 14:10:38,951 geometric_augmentation: True
2018-06-25 14:10:38,951 shift_range: None
2018-06-25 14:10:38,951 max_zoom: 1.2
2018-06-25 14:10:38,952 fill_mode: wrap
2018-06-25 14:10:38,952 photographic_augmentation: False
2018-06-25 14:10:38,952 max_brightness_delta: 0.05
2018-06-25 14:10:38,952 contrast_range: (0.95, 1.05)
2018-06-25 14:10:38,952 Next object 

2018-06-25 14:10:38,952 image_dim: 64
2018-06-25 14:10:38,952 optimizer: <class 'tensorflow.python.training.adam.AdamOptimizer'>
2018-06-25 14:10:38,952 learning_rate: 0.001
2018-06-25 14:10:38,952 conv1_filters: 32
2018-06-25 14:10:38,952 conv1_kernel: 1
2018-06-25 14:10:38,952 conv2_filters: 32
2018-06-25 14:10:38,952 conv2_kernel: 3
2018-06-25 14:10:38,952 conv3_filters: 16
2018-06-25 14:10:38,952 conv3_kernel: 3
2018-06-25 14:10:38,952 dense1_units: 128
2018-06-25 14:10:38,952 dense1_dropout: 0.5
2018-06-25 14:10:38,952 conv1_activation: <function relu at 0x10edabae8>
2018-06-25 14:10:38,952 conv2_activation: <function relu at 0x10edabae8>
2018-06-25 14:10:38,952 conv3_activation: <function relu at 0x10edabae8>
2018-06-25 14:10:38,952 dense1_activation: <function relu at 0x10edabae8>
2018-06-25 14:10:38,952 pool1_size: 2
2018-06-25 14:10:38,952 pool1_strides: 2
2018-06-25 14:10:38,952 pool2_size: 2
2018-06-25 14:10:38,952 pool2_strides: 2
2018-06-25 14:10:38,952 pool3_size: 2
2018-06-25 14:10:38,953 pool3_strides: 2
2018-06-25 14:10:38,953 padding: same
2018-06-25 14:10:38,953 log_freq: 10
2018-06-25 14:10:38,953 model_fn: <bound method BayesianBinaryModel.four_layer_binary_classifier of <zoobot.estimators.bayesian_estimator_funcs.BayesianBinaryModel object at 0x1823fc20f0>>
2018-06-25 14:10:38,953 logging_hooks: [None, None, None]
2018-06-25 14:10:38,953 entry_point: <bound method BayesianBinaryModel.four_layer_binary_classifier of <zoobot.estimators.bayesian_estimator_funcs.BayesianBinaryModel object at 0x1823fc20f0>>
2018-06-25 14:10:38,953 Next object 

2018-06-25 14:10:38,957 Using default config.
2018-06-25 14:10:38,958 Using config: {'_model_dir': 'runs/bayesian_panoptes_featured_si424_sf64_l0.4_augs', '_tf_random_seed': None, '_save_summary_steps': 100, '_save_checkpoints_steps': None, '_save_checkpoints_secs': 600, '_session_config': None, '_keep_checkpoint_max': 5, '_keep_checkpoint_every_n_hours': 10000, '_log_step_count_steps': 100, '_train_distribute': None, '_service': None, '_cluster_spec': <tensorflow.python.training.server_lib.ClusterSpec object at 0x18245e87f0>, '_task_type': 'worker', '_task_id': 0, '_global_id_in_cluster': 0, '_master': '', '_evaluation_master': '', '_is_chief': True, '_num_ps_replicas': 0, '_num_worker_replicas': 1}
2018-06-25 14:10:44,310 From /Data/repos/zoobot/zoobot/estimators/input_utils.py:110: calling reduce_mean (from tensorflow.python.ops.math_ops) with keep_dims is deprecated and will be removed in a future version.
Instructions for updating:
keep_dims is deprecated, use keepdims instead
2018-06-25 14:10:44,490 Calling model_fn.
2018-06-25 14:10:44,766 Done calling model_fn.
2018-06-25 14:10:44,767 Create CheckpointSaverHook.
2018-06-25 14:10:45,010 Graph was finalized.
2018-06-25 14:10:45,092 Running local_init_op.
2018-06-25 14:10:45,100 Done running local_init_op.
2018-06-25 14:12:08,870 Saving checkpoints for 1 into runs/bayesian_panoptes_featured_si424_sf64_l0.4_augs/model.ckpt.
2018-06-25 14:12:09,084 loss = 2.4380262, step = 1
2018-06-25 14:16:39,146 Saving checkpoints for 30 into runs/bayesian_panoptes_featured_si424_sf64_l0.4_augs/model.ckpt.
2018-06-25 14:16:39,630 Loss for final step: 0.7797423.
2018-06-25 14:16:40,092 Calling model_fn.
2018-06-25 14:16:40,597 Done calling model_fn.
2018-06-25 14:16:40,610 Starting evaluation at 2018-06-25-13:16:40
2018-06-25 14:16:40,673 Graph was finalized.
2018-06-25 14:16:40,673 Restoring parameters from runs/bayesian_panoptes_featured_si424_sf64_l0.4_augs/model.ckpt-30
2018-06-25 14:16:40,716 Running local_init_op.
2018-06-25 14:16:40,739 Done running local_init_op.
