2018-06-25 13:30:23,551 Parameters used: 
2018-06-25 13:30:23,551 initial_size: 128
2018-06-25 13:30:23,551 final_size: 64
2018-06-25 13:30:23,551 channels: 3
2018-06-25 13:30:23,551 label_col: label
2018-06-25 13:30:23,551 epochs: 50
2018-06-25 13:30:23,551 train_batches: 30
2018-06-25 13:30:23,551 eval_batches: 3
2018-06-25 13:30:23,551 batch_size: 128
2018-06-25 13:30:23,551 log_dir: runs/bayesian_panoptes_featured_s128_l0.5_augs
2018-06-25 13:30:23,551 save_freq: 10
2018-06-25 13:30:23,551 max_sadness: 4.0
2018-06-25 13:30:23,551 early_stopping_window: 10
2018-06-25 13:30:23,551 min_epochs: 0
2018-06-25 13:30:23,551 train_config: <zoobot.estimators.input_utils.InputConfig object at 0x1823630898>
2018-06-25 13:30:23,551 eval_config: <zoobot.estimators.input_utils.InputConfig object at 0x18236308d0>
2018-06-25 13:30:23,551 model: <zoobot.estimators.bayesian_estimator_funcs.BayesianBinaryModel object at 0x182378d160>
2018-06-25 13:30:23,551 Next object 

2018-06-25 13:30:23,552 name: train
2018-06-25 13:30:23,552 tfrecord_loc: data/panoptes_featured_s128_l0.5_train.tfrecord
2018-06-25 13:30:23,552 label_col: label
2018-06-25 13:30:23,552 initial_size: 128
2018-06-25 13:30:23,552 final_size: 64
2018-06-25 13:30:23,552 channels: 3
2018-06-25 13:30:23,552 batch_size: 128
2018-06-25 13:30:23,552 stratify: True
2018-06-25 13:30:23,552 stratify_probs: [0.4007022471910112, 0.5992977528089888]
2018-06-25 13:30:23,552 geometric_augmentation: True
2018-06-25 13:30:23,552 shift_range: None
2018-06-25 13:30:23,552 max_zoom: 1.2
2018-06-25 13:30:23,552 fill_mode: wrap
2018-06-25 13:30:23,552 photographic_augmentation: False
2018-06-25 13:30:23,552 max_brightness_delta: 0.05
2018-06-25 13:30:23,552 contrast_range: (0.95, 1.15)
2018-06-25 13:30:23,552 Next object 

2018-06-25 13:30:23,552 name: eval
2018-06-25 13:30:23,552 tfrecord_loc: data/panoptes_featured_s128_l0.5_test.tfrecord
2018-06-25 13:30:23,552 label_col: label
2018-06-25 13:30:23,552 initial_size: 128
2018-06-25 13:30:23,552 final_size: 64
2018-06-25 13:30:23,552 channels: 3
2018-06-25 13:30:23,552 batch_size: 128
2018-06-25 13:30:23,552 stratify: True
2018-06-25 13:30:23,552 stratify_probs: [0.4007022471910112, 0.5992977528089888]
2018-06-25 13:30:23,552 geometric_augmentation: True
2018-06-25 13:30:23,552 shift_range: None
2018-06-25 13:30:23,552 max_zoom: 1.2
2018-06-25 13:30:23,552 fill_mode: wrap
2018-06-25 13:30:23,552 photographic_augmentation: False
2018-06-25 13:30:23,553 max_brightness_delta: 0.05
2018-06-25 13:30:23,553 contrast_range: (0.95, 1.15)
2018-06-25 13:30:23,553 Next object 

2018-06-25 13:30:23,553 image_dim: 64
2018-06-25 13:30:23,553 optimizer: <class 'tensorflow.python.training.adam.AdamOptimizer'>
2018-06-25 13:30:23,553 learning_rate: 0.001
2018-06-25 13:30:23,553 conv1_filters: 32
2018-06-25 13:30:23,553 conv1_kernel: 1
2018-06-25 13:30:23,553 conv2_filters: 32
2018-06-25 13:30:23,553 conv2_kernel: 3
2018-06-25 13:30:23,553 conv3_filters: 16
2018-06-25 13:30:23,553 conv3_kernel: 3
2018-06-25 13:30:23,553 dense1_units: 128
2018-06-25 13:30:23,553 dense1_dropout: 0.5
2018-06-25 13:30:23,553 conv1_activation: <function relu at 0x10e57ba60>
2018-06-25 13:30:23,553 conv2_activation: <function relu at 0x10e57ba60>
2018-06-25 13:30:23,553 conv3_activation: <function relu at 0x10e57ba60>
2018-06-25 13:30:23,553 dense1_activation: <function relu at 0x10e57ba60>
2018-06-25 13:30:23,553 pool1_size: 2
2018-06-25 13:30:23,553 pool1_strides: 2
2018-06-25 13:30:23,553 pool2_size: 2
2018-06-25 13:30:23,553 pool2_strides: 2
2018-06-25 13:30:23,553 pool3_size: 2
2018-06-25 13:30:23,553 pool3_strides: 2
2018-06-25 13:30:23,553 padding: same
2018-06-25 13:30:23,553 log_freq: 10
2018-06-25 13:30:23,553 model_fn: <bound method BayesianBinaryModel.four_layer_binary_classifier of <zoobot.estimators.bayesian_estimator_funcs.BayesianBinaryModel object at 0x182378d160>>
2018-06-25 13:30:23,553 logging_hooks: [None, None, None]
2018-06-25 13:30:23,553 entry_point: <bound method BayesianBinaryModel.four_layer_binary_classifier of <zoobot.estimators.bayesian_estimator_funcs.BayesianBinaryModel object at 0x182378d160>>
2018-06-25 13:30:23,553 Next object 

2018-06-25 13:30:23,554 Using default config.
2018-06-25 13:30:23,554 Using config: {'_model_dir': 'runs/bayesian_panoptes_featured_s128_l0.5_augs', '_tf_random_seed': None, '_save_summary_steps': 100, '_save_checkpoints_steps': None, '_save_checkpoints_secs': 600, '_session_config': None, '_keep_checkpoint_max': 5, '_keep_checkpoint_every_n_hours': 10000, '_log_step_count_steps': 100, '_train_distribute': None, '_service': None, '_cluster_spec': <tensorflow.python.training.server_lib.ClusterSpec object at 0x1823db55f8>, '_task_type': 'worker', '_task_id': 0, '_global_id_in_cluster': 0, '_master': '', '_evaluation_master': '', '_is_chief': True, '_num_ps_replicas': 0, '_num_worker_replicas': 1}
2018-06-25 13:30:29,036 From /Data/repos/zoobot/zoobot/estimators/input_utils.py:110: calling reduce_mean (from tensorflow.python.ops.math_ops) with keep_dims is deprecated and will be removed in a future version.
Instructions for updating:
keep_dims is deprecated, use keepdims instead
2018-06-25 13:30:29,197 Calling model_fn.
2018-06-25 13:30:29,458 Done calling model_fn.
2018-06-25 13:30:29,458 Create CheckpointSaverHook.
2018-06-25 13:30:29,706 Graph was finalized.
2018-06-25 13:30:29,800 Running local_init_op.
2018-06-25 13:30:29,808 Done running local_init_op.
2018-06-25 13:30:35,769 Saving checkpoints for 1 into runs/bayesian_panoptes_featured_s128_l0.5_augs/model.ckpt.
2018-06-25 13:30:35,903 loss = 1.2053609, step = 1
2018-06-25 13:30:52,455 Saving checkpoints for 30 into runs/bayesian_panoptes_featured_s128_l0.5_augs/model.ckpt.
2018-06-25 13:30:52,757 Loss for final step: 0.68922144.
2018-06-25 13:30:53,108 Calling model_fn.
2018-06-25 13:30:53,520 Done calling model_fn.
2018-06-25 13:30:53,533 Starting evaluation at 2018-06-25-12:30:53
2018-06-25 13:30:53,597 Graph was finalized.
2018-06-25 13:30:53,597 Restoring parameters from runs/bayesian_panoptes_featured_s128_l0.5_augs/model.ckpt-30
2018-06-25 13:30:53,638 Running local_init_op.
2018-06-25 13:30:53,662 Done running local_init_op.
2018-06-25 13:30:56,492 Evaluation [1/3]
2018-06-25 13:30:56,911 Evaluation [2/3]
2018-06-25 13:30:57,462 Evaluation [3/3]
2018-06-25 13:30:57,565 Finished evaluation at 2018-06-25-12:30:57
2018-06-25 13:30:57,565 Saving dict for global step 30: acc/accuracy = 0.5520833, acc/mean_per_class_accuracy = 0.5824067, confusion/false_negatives = 24.0, confusion/false_positives = 148.0, confusion/true_negatives = 65.0, confusion/true_positives = 147.0, global_step = 30, loss = 0.69216746, pr/auc = 0.58240676, pr/precision = 0.49830508, pr/recall = 0.8596491, sanity/predictions_above_95% = 0.0026041667, sanity/predictions_below_5% = 0.0026041667
2018-06-25 13:30:57,753 Saving model at epoch 0
2018-06-25 13:30:57,931 Calling model_fn.
2018-06-25 13:30:57,993 Done calling model_fn.
2018-06-25 13:30:57,994 Signatures INCLUDED in export for Classify: None
2018-06-25 13:30:57,994 Signatures INCLUDED in export for Regress: None
2018-06-25 13:30:57,994 Signatures INCLUDED in export for Predict: ['serving_default']
2018-06-25 13:30:58,005 Restoring parameters from runs/bayesian_panoptes_featured_s128_l0.5_augs/model.ckpt-30
2018-06-25 13:30:58,016 Assets added to graph.
2018-06-25 13:30:58,017 No assets to write.
2018-06-25 13:30:58,092 SavedModel written to: b"runs/bayesian_panoptes_featured_s128_l0.5_augs/temp-b'1529929857'/saved_model.pb"
2018-06-25 13:30:58,097 End epoch 0
2018-06-25 13:30:58,487 Calling model_fn.
2018-06-25 13:30:58,733 Done calling model_fn.
2018-06-25 13:30:58,733 Create CheckpointSaverHook.
2018-06-25 13:30:58,819 Graph was finalized.
2018-06-25 13:30:58,820 Restoring parameters from runs/bayesian_panoptes_featured_s128_l0.5_augs/model.ckpt-30
2018-06-25 13:30:58,874 Running local_init_op.
2018-06-25 13:30:58,884 Done running local_init_op.
2018-06-25 13:31:04,597 Saving checkpoints for 31 into runs/bayesian_panoptes_featured_s128_l0.5_augs/model.ckpt.
2018-06-25 13:31:04,737 loss = 0.74218744, step = 31
2018-06-25 13:31:21,307 Saving checkpoints for 60 into runs/bayesian_panoptes_featured_s128_l0.5_augs/model.ckpt.
2018-06-25 13:31:21,502 Loss for final step: 0.6908585.
2018-06-25 13:31:21,837 Calling model_fn.
2018-06-25 13:31:22,185 Done calling model_fn.
2018-06-25 13:31:22,198 Starting evaluation at 2018-06-25-12:31:22
2018-06-25 13:31:22,270 Graph was finalized.
2018-06-25 13:31:22,270 Restoring parameters from runs/bayesian_panoptes_featured_s128_l0.5_augs/model.ckpt-60
2018-06-25 13:31:22,314 Running local_init_op.
2018-06-25 13:31:22,337 Done running local_init_op.
2018-06-25 13:31:24,468 Evaluation [1/3]
2018-06-25 13:31:24,897 Evaluation [2/3]
2018-06-25 13:31:25,274 Evaluation [3/3]
2018-06-25 13:31:25,379 Finished evaluation at 2018-06-25-12:31:25
2018-06-25 13:31:25,379 Saving dict for global step 60: acc/accuracy = 0.5286458, acc/mean_per_class_accuracy = 0.52401304, confusion/false_negatives = 146.0, confusion/false_positives = 35.0, confusion/true_negatives = 160.0, confusion/true_positives = 43.0, global_step = 60, loss = 0.67630655, pr/auc = 0.52401304, pr/precision = 0.55128205, pr/recall = 0.22751322, sanity/predictions_above_95% = 0.0, sanity/predictions_below_5% = 0.0
2018-06-25 13:31:25,380 Current sadness: 0.0
2018-06-25 13:31:25,380 End epoch 1
2018-06-25 13:31:25,703 Calling model_fn.
2018-06-25 13:31:25,939 Done calling model_fn.
2018-06-25 13:31:25,940 Create CheckpointSaverHook.
2018-06-25 13:31:26,033 Graph was finalized.
2018-06-25 13:31:26,034 Restoring parameters from runs/bayesian_panoptes_featured_s128_l0.5_augs/model.ckpt-60
2018-06-25 13:31:26,090 Running local_init_op.
2018-06-25 13:31:26,098 Done running local_init_op.
2018-06-25 13:31:30,086 Saving checkpoints for 61 into runs/bayesian_panoptes_featured_s128_l0.5_augs/model.ckpt.
2018-06-25 13:31:30,204 loss = 0.6952398, step = 61
2018-06-25 13:31:48,118 Saving checkpoints for 90 into runs/bayesian_panoptes_featured_s128_l0.5_augs/model.ckpt.
2018-06-25 13:31:48,348 Loss for final step: 0.68941545.
2018-06-25 13:31:48,823 Calling model_fn.
2018-06-25 13:31:49,156 Done calling model_fn.
2018-06-25 13:31:49,169 Starting evaluation at 2018-06-25-12:31:49
2018-06-25 13:31:49,239 Graph was finalized.
2018-06-25 13:31:49,239 Restoring parameters from runs/bayesian_panoptes_featured_s128_l0.5_augs/model.ckpt-90
2018-06-25 13:31:49,283 Running local_init_op.
2018-06-25 13:31:49,307 Done running local_init_op.
2018-06-25 13:31:51,316 Evaluation [1/3]
2018-06-25 13:31:51,729 Evaluation [2/3]
2018-06-25 13:31:52,129 Evaluation [3/3]
2018-06-25 13:31:52,248 Finished evaluation at 2018-06-25-12:31:52
2018-06-25 13:31:52,248 Saving dict for global step 90: acc/accuracy = 0.6145833, acc/mean_per_class_accuracy = 0.60129476, confusion/false_negatives = 29.0, confusion/false_positives = 119.0, confusion/true_negatives = 63.0, confusion/true_positives = 173.0, global_step = 90, loss = 0.6782756, pr/auc = 0.60129476, pr/precision = 0.59246576, pr/recall = 0.85643566, sanity/predictions_above_95% = 0.0, sanity/predictions_below_5% = 0.0052083335
2018-06-25 13:31:52,250 Current sadness: 0.3313030738761225
2018-06-25 13:31:52,250 End epoch 2
2018-06-25 13:31:52,665 Calling model_fn.
2018-06-25 13:31:52,901 Done calling model_fn.
2018-06-25 13:31:52,902 Create CheckpointSaverHook.
2018-06-25 13:31:52,991 Graph was finalized.
2018-06-25 13:31:52,992 Restoring parameters from runs/bayesian_panoptes_featured_s128_l0.5_augs/model.ckpt-90
2018-06-25 13:31:53,048 Running local_init_op.
2018-06-25 13:31:53,056 Done running local_init_op.
2018-06-25 13:31:59,105 Saving checkpoints for 91 into runs/bayesian_panoptes_featured_s128_l0.5_augs/model.ckpt.
2018-06-25 13:31:59,215 loss = 0.70304424, step = 91
2018-06-25 13:32:15,392 Saving checkpoints for 120 into runs/bayesian_panoptes_featured_s128_l0.5_augs/model.ckpt.
2018-06-25 13:32:15,593 Loss for final step: 0.6677498.
2018-06-25 13:32:16,001 Calling model_fn.
2018-06-25 13:32:16,304 Done calling model_fn.
2018-06-25 13:32:16,317 Starting evaluation at 2018-06-25-12:32:16
2018-06-25 13:32:16,393 Graph was finalized.
2018-06-25 13:32:16,393 Restoring parameters from runs/bayesian_panoptes_featured_s128_l0.5_augs/model.ckpt-120
2018-06-25 13:32:16,439 Running local_init_op.
2018-06-25 13:32:16,462 Done running local_init_op.
2018-06-25 13:32:18,412 Evaluation [1/3]
2018-06-25 13:32:18,928 Evaluation [2/3]
2018-06-25 13:32:19,313 Evaluation [3/3]
2018-06-25 13:32:19,419 Finished evaluation at 2018-06-25-12:32:19
2018-06-25 13:32:19,419 Saving dict for global step 120: acc/accuracy = 0.6380208, acc/mean_per_class_accuracy = 0.6279348, confusion/false_negatives = 26.0, confusion/false_positives = 113.0, confusion/true_negatives = 71.0, confusion/true_positives = 174.0, global_step = 120, loss = 0.65966636, pr/auc = 0.6279348, pr/precision = 0.6062718, pr/recall = 0.87, sanity/predictions_above_95% = 0.0, sanity/predictions_below_5% = 0.0
2018-06-25 13:32:19,423 Current sadness: 0.0
2018-06-25 13:32:19,423 End epoch 3
2018-06-25 13:32:19,772 Calling model_fn.
2018-06-25 13:32:20,020 Done calling model_fn.
2018-06-25 13:32:20,021 Create CheckpointSaverHook.
2018-06-25 13:32:20,173 Graph was finalized.
2018-06-25 13:32:20,173 Restoring parameters from runs/bayesian_panoptes_featured_s128_l0.5_augs/model.ckpt-120
2018-06-25 13:32:20,229 Running local_init_op.
2018-06-25 13:32:20,237 Done running local_init_op.
2018-06-25 13:32:22,208 Saving checkpoints for 121 into runs/bayesian_panoptes_featured_s128_l0.5_augs/model.ckpt.
2018-06-25 13:32:22,337 loss = 0.633236, step = 121
2018-06-25 13:32:38,416 Saving checkpoints for 150 into runs/bayesian_panoptes_featured_s128_l0.5_augs/model.ckpt.
2018-06-25 13:32:38,611 Loss for final step: 0.67710245.
2018-06-25 13:32:38,961 Calling model_fn.
2018-06-25 13:32:39,312 Done calling model_fn.
2018-06-25 13:32:39,327 Starting evaluation at 2018-06-25-12:32:39
2018-06-25 13:32:39,414 Graph was finalized.
2018-06-25 13:32:39,414 Restoring parameters from runs/bayesian_panoptes_featured_s128_l0.5_augs/model.ckpt-150
2018-06-25 13:32:39,455 Running local_init_op.
2018-06-25 13:32:39,478 Done running local_init_op.
2018-06-25 13:32:41,653 Evaluation [1/3]
2018-06-25 13:32:42,059 Evaluation [2/3]
2018-06-25 13:32:42,475 Evaluation [3/3]
2018-06-25 13:32:42,578 Finished evaluation at 2018-06-25-12:32:42
2018-06-25 13:32:42,579 Saving dict for global step 150: acc/accuracy = 0.6380208, acc/mean_per_class_accuracy = 0.6198801, confusion/false_negatives = 23.0, confusion/false_positives = 116.0, confusion/true_negatives = 63.0, confusion/true_positives = 182.0, global_step = 150, loss = 0.661285, pr/auc = 0.6198801, pr/precision = 0.6107383, pr/recall = 0.88780487, sanity/predictions_above_95% = 0.0026041667, sanity/predictions_below_5% = 0.0
2018-06-25 13:32:42,583 Current sadness: 0.11666647773003978
2018-06-25 13:32:42,583 End epoch 4
2018-06-25 13:32:42,966 Calling model_fn.
2018-06-25 13:32:43,180 Done calling model_fn.
2018-06-25 13:32:43,181 Create CheckpointSaverHook.
2018-06-25 13:32:43,263 Graph was finalized.
2018-06-25 13:32:43,264 Restoring parameters from runs/bayesian_panoptes_featured_s128_l0.5_augs/model.ckpt-150
2018-06-25 13:32:43,321 Running local_init_op.
2018-06-25 13:32:43,330 Done running local_init_op.
2018-06-25 13:32:45,093 Saving checkpoints for 151 into runs/bayesian_panoptes_featured_s128_l0.5_augs/model.ckpt.
2018-06-25 13:32:45,211 loss = 0.6955465, step = 151
2018-06-25 13:33:00,945 Saving checkpoints for 180 into runs/bayesian_panoptes_featured_s128_l0.5_augs/model.ckpt.
2018-06-25 13:33:01,152 Loss for final step: 0.7207236.
2018-06-25 13:33:01,553 Calling model_fn.
2018-06-25 13:33:01,823 Done calling model_fn.
2018-06-25 13:33:01,834 Starting evaluation at 2018-06-25-12:33:01
2018-06-25 13:33:01,901 Graph was finalized.
2018-06-25 13:33:01,902 Restoring parameters from runs/bayesian_panoptes_featured_s128_l0.5_augs/model.ckpt-180
2018-06-25 13:33:01,952 Running local_init_op.
2018-06-25 13:33:01,975 Done running local_init_op.
2018-06-25 13:33:04,443 Evaluation [1/3]
2018-06-25 13:33:04,951 Evaluation [2/3]
2018-06-25 13:33:05,403 Evaluation [3/3]
2018-06-25 13:33:05,505 Finished evaluation at 2018-06-25-12:33:05
2018-06-25 13:33:05,506 Saving dict for global step 180: acc/accuracy = 0.53125, acc/mean_per_class_accuracy = 0.5292841, confusion/false_negatives = 162.0, confusion/false_positives = 18.0, confusion/true_negatives = 175.0, confusion/true_positives = 29.0, global_step = 180, loss = 0.699732, pr/auc = 0.5292841, pr/precision = 0.61702126, pr/recall = 0.15183246, sanity/predictions_above_95% = 0.013020833, sanity/predictions_below_5% = 0.0
2018-06-25 13:33:05,507 Current sadness: 2.196682719876518
2018-06-25 13:33:05,507 End epoch 5
2018-06-25 13:33:05,837 Calling model_fn.
2018-06-25 13:33:06,130 Done calling model_fn.
2018-06-25 13:33:06,131 Create CheckpointSaverHook.
2018-06-25 13:33:06,220 Graph was finalized.
2018-06-25 13:33:06,220 Restoring parameters from runs/bayesian_panoptes_featured_s128_l0.5_augs/model.ckpt-180
2018-06-25 13:33:06,275 Running local_init_op.
2018-06-25 13:33:06,283 Done running local_init_op.
2018-06-25 13:33:08,638 Saving checkpoints for 181 into runs/bayesian_panoptes_featured_s128_l0.5_augs/model.ckpt.
2018-06-25 13:33:08,734 loss = 0.683462, step = 181
2018-06-25 13:33:25,163 Saving checkpoints for 210 into runs/bayesian_panoptes_featured_s128_l0.5_augs/model.ckpt.
2018-06-25 13:33:25,361 Loss for final step: 0.6739111.
2018-06-25 13:33:25,678 Calling model_fn.
2018-06-25 13:33:26,045 Done calling model_fn.
2018-06-25 13:33:26,060 Starting evaluation at 2018-06-25-12:33:26
2018-06-25 13:33:26,140 Graph was finalized.
2018-06-25 13:33:26,141 Restoring parameters from runs/bayesian_panoptes_featured_s128_l0.5_augs/model.ckpt-210
2018-06-25 13:33:26,193 Running local_init_op.
2018-06-25 13:33:26,221 Done running local_init_op.
2018-06-25 13:33:28,170 Evaluation [1/3]
2018-06-25 13:33:28,558 Evaluation [2/3]
2018-06-25 13:33:29,009 Evaluation [3/3]
2018-06-25 13:33:29,121 Finished evaluation at 2018-06-25-12:33:29
2018-06-25 13:33:29,121 Saving dict for global step 210: acc/accuracy = 0.578125, acc/mean_per_class_accuracy = 0.5838037, confusion/false_negatives = 27.0, confusion/false_positives = 135.0, confusion/true_negatives = 61.0, confusion/true_positives = 161.0, global_step = 210, loss = 0.67107344, pr/auc = 0.5838037, pr/precision = 0.5439189, pr/recall = 0.85638297, sanity/predictions_above_95% = 0.0, sanity/predictions_below_5% = 0.0
2018-06-25 13:33:29,122 Current sadness: 0.6607766769160688
2018-06-25 13:33:29,122 End epoch 6
2018-06-25 13:33:29,463 Calling model_fn.
2018-06-25 13:33:29,727 Done calling model_fn.
2018-06-25 13:33:29,728 Create CheckpointSaverHook.
2018-06-25 13:33:29,813 Graph was finalized.
2018-06-25 13:33:29,814 Restoring parameters from runs/bayesian_panoptes_featured_s128_l0.5_augs/model.ckpt-210
2018-06-25 13:33:29,869 Running local_init_op.
2018-06-25 13:33:29,877 Done running local_init_op.
2018-06-25 13:33:31,518 Saving checkpoints for 211 into runs/bayesian_panoptes_featured_s128_l0.5_augs/model.ckpt.
2018-06-25 13:33:31,694 loss = 0.6889026, step = 211
2018-06-25 13:33:46,259 Saving checkpoints for 240 into runs/bayesian_panoptes_featured_s128_l0.5_augs/model.ckpt.
2018-06-25 13:33:46,459 Loss for final step: 0.64946246.
2018-06-25 13:33:46,757 Calling model_fn.
2018-06-25 13:33:47,022 Done calling model_fn.
2018-06-25 13:33:47,033 Starting evaluation at 2018-06-25-12:33:47
2018-06-25 13:33:47,096 Graph was finalized.
2018-06-25 13:33:47,096 Restoring parameters from runs/bayesian_panoptes_featured_s128_l0.5_augs/model.ckpt-240
2018-06-25 13:33:47,137 Running local_init_op.
2018-06-25 13:33:47,159 Done running local_init_op.
2018-06-25 13:33:49,181 Evaluation [1/3]
2018-06-25 13:33:49,576 Evaluation [2/3]
2018-06-25 13:33:50,000 Evaluation [3/3]
2018-06-25 13:33:50,104 Finished evaluation at 2018-06-25-12:33:50
2018-06-25 13:33:50,104 Saving dict for global step 240: acc/accuracy = 0.6041667, acc/mean_per_class_accuracy = 0.6041667, confusion/false_negatives = 27.0, confusion/false_positives = 125.0, confusion/true_negatives = 67.0, confusion/true_positives = 165.0, global_step = 240, loss = 0.6519422, pr/auc = 0.6041666, pr/precision = 0.5689655, pr/recall = 0.859375, sanity/predictions_above_95% = 0.0, sanity/predictions_below_5% = 0.0
2018-06-25 13:33:50,105 Current sadness: 0.0
2018-06-25 13:33:50,105 End epoch 7
2018-06-25 13:33:50,495 Calling model_fn.
2018-06-25 13:33:50,705 Done calling model_fn.
2018-06-25 13:33:50,706 Create CheckpointSaverHook.
2018-06-25 13:33:50,788 Graph was finalized.
2018-06-25 13:33:50,789 Restoring parameters from runs/bayesian_panoptes_featured_s128_l0.5_augs/model.ckpt-240
2018-06-25 13:33:50,843 Running local_init_op.
2018-06-25 13:33:50,851 Done running local_init_op.
2018-06-25 13:33:52,986 Saving checkpoints for 241 into runs/bayesian_panoptes_featured_s128_l0.5_augs/model.ckpt.
2018-06-25 13:33:53,104 loss = 0.7099306, step = 241
2018-06-25 13:34:07,059 Saving checkpoints for 270 into runs/bayesian_panoptes_featured_s128_l0.5_augs/model.ckpt.
2018-06-25 13:34:07,230 Loss for final step: 0.67985755.
2018-06-25 13:34:07,619 Calling model_fn.
2018-06-25 13:34:07,987 Done calling model_fn.
2018-06-25 13:34:07,998 Starting evaluation at 2018-06-25-12:34:07
2018-06-25 13:34:08,070 Graph was finalized.
2018-06-25 13:34:08,070 Restoring parameters from runs/bayesian_panoptes_featured_s128_l0.5_augs/model.ckpt-270
2018-06-25 13:34:08,110 Running local_init_op.
2018-06-25 13:34:08,133 Done running local_init_op.
2018-06-25 13:34:10,260 Evaluation [1/3]
2018-06-25 13:34:10,673 Evaluation [2/3]
2018-06-25 13:34:10,932 Evaluation [3/3]
2018-06-25 13:34:11,016 Finished evaluation at 2018-06-25-12:34:11
2018-06-25 13:34:11,017 Saving dict for global step 270: acc/accuracy = 0.5833333, acc/mean_per_class_accuracy = 0.57932436, confusion/false_negatives = 32.0, confusion/false_positives = 128.0, confusion/true_negatives = 61.0, confusion/true_positives = 163.0, global_step = 270, loss = 0.6774742, pr/auc = 0.57932436, pr/precision = 0.56013745, pr/recall = 0.83589745, sanity/predictions_above_95% = 0.0052083335, sanity/predictions_below_5% = 0.0
2018-06-25 13:34:11,021 Current sadness: 1.1464010412849959
2018-06-25 13:34:11,021 End epoch 8
2018-06-25 13:34:11,329 Calling model_fn.
2018-06-25 13:34:11,560 Done calling model_fn.
2018-06-25 13:34:11,561 Create CheckpointSaverHook.
2018-06-25 13:34:11,646 Graph was finalized.
2018-06-25 13:34:11,647 Restoring parameters from runs/bayesian_panoptes_featured_s128_l0.5_augs/model.ckpt-270
2018-06-25 13:34:11,702 Running local_init_op.
2018-06-25 13:34:11,710 Done running local_init_op.
2018-06-25 13:34:14,316 Saving checkpoints for 271 into runs/bayesian_panoptes_featured_s128_l0.5_augs/model.ckpt.
2018-06-25 13:34:14,432 loss = 0.6574143, step = 271
2018-06-25 13:34:30,256 Saving checkpoints for 300 into runs/bayesian_panoptes_featured_s128_l0.5_augs/model.ckpt.
2018-06-25 13:34:30,455 Loss for final step: 0.6987456.
2018-06-25 13:34:30,778 Calling model_fn.
2018-06-25 13:34:31,087 Done calling model_fn.
2018-06-25 13:34:31,102 Starting evaluation at 2018-06-25-12:34:31
2018-06-25 13:34:31,197 Graph was finalized.
2018-06-25 13:34:31,197 Restoring parameters from runs/bayesian_panoptes_featured_s128_l0.5_augs/model.ckpt-300
2018-06-25 13:34:31,253 Running local_init_op.
2018-06-25 13:34:31,287 Done running local_init_op.
2018-06-25 13:34:33,199 Evaluation [1/3]
2018-06-25 13:34:33,611 Evaluation [2/3]
2018-06-25 13:34:34,136 Evaluation [3/3]
2018-06-25 13:34:34,236 Finished evaluation at 2018-06-25-12:34:34
2018-06-25 13:34:34,237 Saving dict for global step 300: acc/accuracy = 0.6015625, acc/mean_per_class_accuracy = 0.6229137, confusion/false_negatives = 15.0, confusion/false_positives = 138.0, confusion/true_negatives = 68.0, confusion/true_positives = 163.0, global_step = 300, loss = 0.6616275, pr/auc = 0.6229137, pr/precision = 0.5415282, pr/recall = 0.91573036, sanity/predictions_above_95% = 0.0, sanity/predictions_below_5% = 0.0
2018-06-25 13:34:34,241 Current sadness: 0.4609207985974983
2018-06-25 13:34:34,241 End epoch 9
2018-06-25 13:34:34,725 Calling model_fn.
2018-06-25 13:34:34,971 Done calling model_fn.
2018-06-25 13:34:34,972 Create CheckpointSaverHook.
2018-06-25 13:34:35,057 Graph was finalized.
2018-06-25 13:34:35,058 Restoring parameters from runs/bayesian_panoptes_featured_s128_l0.5_augs/model.ckpt-300
2018-06-25 13:34:35,119 Running local_init_op.
2018-06-25 13:34:35,128 Done running local_init_op.
2018-06-25 13:34:38,354 Saving checkpoints for 301 into runs/bayesian_panoptes_featured_s128_l0.5_augs/model.ckpt.
2018-06-25 13:34:38,455 loss = 0.67696315, step = 301
2018-06-25 13:34:56,156 Saving checkpoints for 330 into runs/bayesian_panoptes_featured_s128_l0.5_augs/model.ckpt.
2018-06-25 13:34:56,346 Loss for final step: 0.6753123.
2018-06-25 13:34:56,781 Calling model_fn.
2018-06-25 13:34:57,103 Done calling model_fn.
2018-06-25 13:34:57,122 Starting evaluation at 2018-06-25-12:34:57
2018-06-25 13:34:57,195 Graph was finalized.
2018-06-25 13:34:57,196 Restoring parameters from runs/bayesian_panoptes_featured_s128_l0.5_augs/model.ckpt-330
2018-06-25 13:34:57,240 Running local_init_op.
2018-06-25 13:34:57,263 Done running local_init_op.
2018-06-25 13:34:59,827 Evaluation [1/3]
2018-06-25 13:35:00,256 Evaluation [2/3]
2018-06-25 13:35:00,704 Evaluation [3/3]
2018-06-25 13:35:00,807 Finished evaluation at 2018-06-25-12:35:00
2018-06-25 13:35:00,807 Saving dict for global step 330: acc/accuracy = 0.5963542, acc/mean_per_class_accuracy = 0.59173787, confusion/false_negatives = 22.0, confusion/false_positives = 133.0, confusion/true_negatives = 56.0, confusion/true_positives = 173.0, global_step = 330, loss = 0.6589355, pr/auc = 0.59173787, pr/precision = 0.5653595, pr/recall = 0.8871795, sanity/predictions_above_95% = 0.0, sanity/predictions_below_5% = 0.0
2018-06-25 13:35:00,808 Saving model at epoch 10
2018-06-25 13:35:00,984 Calling model_fn.
2018-06-25 13:35:01,053 Done calling model_fn.
2018-06-25 13:35:01,054 Signatures INCLUDED in export for Classify: None
2018-06-25 13:35:01,054 Signatures INCLUDED in export for Regress: None
2018-06-25 13:35:01,054 Signatures INCLUDED in export for Predict: ['serving_default']
2018-06-25 13:35:01,066 Restoring parameters from runs/bayesian_panoptes_featured_s128_l0.5_augs/model.ckpt-330
2018-06-25 13:35:01,080 Assets added to graph.
2018-06-25 13:35:01,080 No assets to write.
2018-06-25 13:35:01,162 SavedModel written to: b"runs/bayesian_panoptes_featured_s128_l0.5_augs/temp-b'1529930101'/saved_model.pb"
2018-06-25 13:35:01,166 Current sadness: 0.3953298332710937
2018-06-25 13:35:01,166 End epoch 10
2018-06-25 13:35:01,634 Calling model_fn.
2018-06-25 13:35:01,883 Done calling model_fn.
2018-06-25 13:35:01,883 Create CheckpointSaverHook.
2018-06-25 13:35:01,977 Graph was finalized.
2018-06-25 13:35:01,977 Restoring parameters from runs/bayesian_panoptes_featured_s128_l0.5_augs/model.ckpt-330
2018-06-25 13:35:02,035 Running local_init_op.
2018-06-25 13:35:02,043 Done running local_init_op.
2018-06-25 13:35:05,228 Saving checkpoints for 331 into runs/bayesian_panoptes_featured_s128_l0.5_augs/model.ckpt.
2018-06-25 13:35:05,338 loss = 0.6801667, step = 331
2018-06-25 13:35:22,170 Saving checkpoints for 360 into runs/bayesian_panoptes_featured_s128_l0.5_augs/model.ckpt.
2018-06-25 13:35:22,411 Loss for final step: 0.65139395.
2018-06-25 13:35:22,780 Calling model_fn.
2018-06-25 13:35:23,182 Done calling model_fn.
2018-06-25 13:35:23,195 Starting evaluation at 2018-06-25-12:35:23
2018-06-25 13:35:23,262 Graph was finalized.
2018-06-25 13:35:23,262 Restoring parameters from runs/bayesian_panoptes_featured_s128_l0.5_augs/model.ckpt-360
2018-06-25 13:35:23,304 Running local_init_op.
2018-06-25 13:35:23,327 Done running local_init_op.
2018-06-25 13:35:25,348 Evaluation [1/3]
2018-06-25 13:35:25,821 Evaluation [2/3]
2018-06-25 13:35:26,348 Evaluation [3/3]
2018-06-25 13:35:26,453 Finished evaluation at 2018-06-25-12:35:26
2018-06-25 13:35:26,453 Saving dict for global step 360: acc/accuracy = 0.6328125, acc/mean_per_class_accuracy = 0.65978914, confusion/false_negatives = 16.0, confusion/false_positives = 125.0, confusion/true_negatives = 88.0, confusion/true_positives = 155.0, global_step = 360, loss = 0.6285036, pr/auc = 0.65978914, pr/precision = 0.5535714, pr/recall = 0.90643275, sanity/predictions_above_95% = 0.0, sanity/predictions_below_5% = 0.0
2018-06-25 13:35:26,454 Current sadness: 0.0
2018-06-25 13:35:26,454 End epoch 11
2018-06-25 13:35:26,763 Calling model_fn.
2018-06-25 13:35:26,991 Done calling model_fn.
2018-06-25 13:35:26,992 Create CheckpointSaverHook.
2018-06-25 13:35:27,081 Graph was finalized.
2018-06-25 13:35:27,082 Restoring parameters from runs/bayesian_panoptes_featured_s128_l0.5_augs/model.ckpt-360
2018-06-25 13:35:27,136 Running local_init_op.
2018-06-25 13:35:27,144 Done running local_init_op.
2018-06-25 13:35:32,560 Saving checkpoints for 361 into runs/bayesian_panoptes_featured_s128_l0.5_augs/model.ckpt.
2018-06-25 13:35:32,724 loss = 0.66422874, step = 361
2018-06-25 13:35:49,608 Saving checkpoints for 390 into runs/bayesian_panoptes_featured_s128_l0.5_augs/model.ckpt.
2018-06-25 13:35:49,810 Loss for final step: 0.6720369.
2018-06-25 13:35:50,121 Calling model_fn.
2018-06-25 13:35:50,393 Done calling model_fn.
2018-06-25 13:35:50,404 Starting evaluation at 2018-06-25-12:35:50
2018-06-25 13:35:50,467 Graph was finalized.
2018-06-25 13:35:50,467 Restoring parameters from runs/bayesian_panoptes_featured_s128_l0.5_augs/model.ckpt-390
2018-06-25 13:35:50,508 Running local_init_op.
2018-06-25 13:35:50,531 Done running local_init_op.
2018-06-25 13:35:52,487 Evaluation [1/3]
2018-06-25 13:35:52,940 Evaluation [2/3]
2018-06-25 13:35:53,302 Evaluation [3/3]
2018-06-25 13:35:53,402 Finished evaluation at 2018-06-25-12:35:53
2018-06-25 13:35:53,402 Saving dict for global step 390: acc/accuracy = 0.6614583, acc/mean_per_class_accuracy = 0.6477449, confusion/false_negatives = 12.0, confusion/false_positives = 118.0, confusion/true_negatives = 65.0, confusion/true_positives = 189.0, global_step = 390, loss = 0.6192313, pr/auc = 0.6477449, pr/precision = 0.61563516, pr/recall = 0.9402985, sanity/predictions_above_95% = 0.0026041667, sanity/predictions_below_5% = 0.0
2018-06-25 13:35:53,402 Current sadness: 0.0
2018-06-25 13:35:53,402 End epoch 12
2018-06-25 13:35:53,862 Calling model_fn.
2018-06-25 13:35:54,102 Done calling model_fn.
2018-06-25 13:35:54,103 Create CheckpointSaverHook.
2018-06-25 13:35:54,198 Graph was finalized.
2018-06-25 13:35:54,199 Restoring parameters from runs/bayesian_panoptes_featured_s128_l0.5_augs/model.ckpt-390
2018-06-25 13:35:54,254 Running local_init_op.
2018-06-25 13:35:54,261 Done running local_init_op.
2018-06-25 13:35:55,831 Saving checkpoints for 391 into runs/bayesian_panoptes_featured_s128_l0.5_augs/model.ckpt.
2018-06-25 13:35:55,943 loss = 0.6767831, step = 391
2018-06-25 13:36:15,176 Saving checkpoints for 420 into runs/bayesian_panoptes_featured_s128_l0.5_augs/model.ckpt.
2018-06-25 13:36:15,393 Loss for final step: 0.69403124.
2018-06-25 13:36:15,911 Calling model_fn.
2018-06-25 13:36:16,202 Done calling model_fn.
2018-06-25 13:36:16,214 Starting evaluation at 2018-06-25-12:36:16
2018-06-25 13:36:16,280 Graph was finalized.
2018-06-25 13:36:16,280 Restoring parameters from runs/bayesian_panoptes_featured_s128_l0.5_augs/model.ckpt-420
2018-06-25 13:36:16,322 Running local_init_op.
2018-06-25 13:36:16,345 Done running local_init_op.
2018-06-25 13:36:18,955 Evaluation [1/3]
2018-06-25 13:36:19,387 Evaluation [2/3]
2018-06-25 13:36:19,956 Evaluation [3/3]
2018-06-25 13:36:20,066 Finished evaluation at 2018-06-25-12:36:20
2018-06-25 13:36:20,066 Saving dict for global step 420: acc/accuracy = 0.5885417, acc/mean_per_class_accuracy = 0.58293533, confusion/false_negatives = 29.0, confusion/false_positives = 129.0, confusion/true_negatives = 59.0, confusion/true_positives = 167.0, global_step = 420, loss = 0.6759126, pr/auc = 0.58293533, pr/precision = 0.5641892, pr/recall = 0.8520408, sanity/predictions_above_95% = 0.0, sanity/predictions_below_5% = 0.0
2018-06-25 13:36:20,067 Current sadness: 1.3710866005631832
2018-06-25 13:36:20,067 End epoch 13
2018-06-25 13:36:20,424 Calling model_fn.
2018-06-25 13:36:20,670 Done calling model_fn.
2018-06-25 13:36:20,671 Create CheckpointSaverHook.
2018-06-25 13:36:20,825 Graph was finalized.
2018-06-25 13:36:20,826 Restoring parameters from runs/bayesian_panoptes_featured_s128_l0.5_augs/model.ckpt-420
2018-06-25 13:36:20,882 Running local_init_op.
2018-06-25 13:36:20,892 Done running local_init_op.
2018-06-25 13:36:25,013 Saving checkpoints for 421 into runs/bayesian_panoptes_featured_s128_l0.5_augs/model.ckpt.
2018-06-25 13:36:25,132 loss = 0.69492424, step = 421
2018-06-25 13:36:40,498 Saving checkpoints for 450 into runs/bayesian_panoptes_featured_s128_l0.5_augs/model.ckpt.
2018-06-25 13:36:40,716 Loss for final step: 0.66322494.
2018-06-25 13:36:41,015 Calling model_fn.
2018-06-25 13:36:41,298 Done calling model_fn.
2018-06-25 13:36:41,310 Starting evaluation at 2018-06-25-12:36:41
2018-06-25 13:36:41,376 Graph was finalized.
2018-06-25 13:36:41,376 Restoring parameters from runs/bayesian_panoptes_featured_s128_l0.5_augs/model.ckpt-450
2018-06-25 13:36:41,419 Running local_init_op.
2018-06-25 13:36:41,444 Done running local_init_op.
2018-06-25 13:36:43,434 Evaluation [1/3]
2018-06-25 13:36:43,897 Evaluation [2/3]
2018-06-25 13:36:44,358 Evaluation [3/3]
2018-06-25 13:36:44,469 Finished evaluation at 2018-06-25-12:36:44
2018-06-25 13:36:44,469 Saving dict for global step 450: acc/accuracy = 0.578125, acc/mean_per_class_accuracy = 0.5833695, confusion/false_negatives = 31.0, confusion/false_positives = 131.0, confusion/true_negatives = 65.0, confusion/true_positives = 157.0, global_step = 450, loss = 0.6806119, pr/auc = 0.5833695, pr/precision = 0.5451389, pr/recall = 0.8351064, sanity/predictions_above_95% = 0.0026041667, sanity/predictions_below_5% = 0.0
2018-06-25 13:36:44,470 Current sadness: 1.4184468785236766
2018-06-25 13:36:44,470 End epoch 14
2018-06-25 13:36:44,924 Calling model_fn.
2018-06-25 13:36:45,206 Done calling model_fn.
2018-06-25 13:36:45,207 Create CheckpointSaverHook.
2018-06-25 13:36:45,333 Graph was finalized.
2018-06-25 13:36:45,334 Restoring parameters from runs/bayesian_panoptes_featured_s128_l0.5_augs/model.ckpt-450
2018-06-25 13:36:45,398 Running local_init_op.
2018-06-25 13:36:45,408 Done running local_init_op.
2018-06-25 13:36:50,374 Saving checkpoints for 451 into runs/bayesian_panoptes_featured_s128_l0.5_augs/model.ckpt.
2018-06-25 13:36:50,527 loss = 0.7010234, step = 451
2018-06-25 13:37:08,139 Saving checkpoints for 480 into runs/bayesian_panoptes_featured_s128_l0.5_augs/model.ckpt.
2018-06-25 13:37:08,393 Loss for final step: 0.61778057.
2018-06-25 13:37:08,894 Calling model_fn.
2018-06-25 13:37:09,202 Done calling model_fn.
2018-06-25 13:37:09,215 Starting evaluation at 2018-06-25-12:37:09
2018-06-25 13:37:09,289 Graph was finalized.
2018-06-25 13:37:09,289 Restoring parameters from runs/bayesian_panoptes_featured_s128_l0.5_augs/model.ckpt-480
2018-06-25 13:37:09,338 Running local_init_op.
2018-06-25 13:37:09,362 Done running local_init_op.
2018-06-25 13:37:12,086 Evaluation [1/3]
2018-06-25 13:37:12,548 Evaluation [2/3]
2018-06-25 13:37:13,014 Evaluation [3/3]
2018-06-25 13:37:13,121 Finished evaluation at 2018-06-25-12:37:13
2018-06-25 13:37:13,122 Saving dict for global step 480: acc/accuracy = 0.5677083, acc/mean_per_class_accuracy = 0.58266044, confusion/false_negatives = 18.0, confusion/false_positives = 148.0, confusion/true_negatives = 53.0, confusion/true_positives = 165.0, global_step = 480, loss = 0.66123813, pr/auc = 0.58266044, pr/precision = 0.52715653, pr/recall = 0.90163934, sanity/predictions_above_95% = 0.0, sanity/predictions_below_5% = 0.0
2018-06-25 13:37:13,122 Current sadness: 1.0655218643388644
2018-06-25 13:37:13,122 End epoch 15
2018-06-25 13:37:13,448 Calling model_fn.
2018-06-25 13:37:13,743 Done calling model_fn.
2018-06-25 13:37:13,743 Create CheckpointSaverHook.
2018-06-25 13:37:13,834 Graph was finalized.
2018-06-25 13:37:13,835 Restoring parameters from runs/bayesian_panoptes_featured_s128_l0.5_augs/model.ckpt-480
2018-06-25 13:37:13,891 Running local_init_op.
2018-06-25 13:37:13,900 Done running local_init_op.
2018-06-25 13:37:18,817 Saving checkpoints for 481 into runs/bayesian_panoptes_featured_s128_l0.5_augs/model.ckpt.
2018-06-25 13:37:18,942 loss = 0.6882874, step = 481
