2018-06-12 11:08:34,974 Parameters used: 
2018-06-12 11:08:34,974 epochs: 1000
2018-06-12 11:08:34,974 batch_size: 128
2018-06-12 11:08:34,974 image_dim: 32
2018-06-12 11:08:34,974 train_batches: 30
2018-06-12 11:08:34,975 eval_batches: 3
2018-06-12 11:08:34,975 max_train_batches: None
2018-06-12 11:08:34,975 log_freq: 10
2018-06-12 11:08:34,975 train_stratify: True
2018-06-12 11:08:34,975 eval_stratify: True
2018-06-12 11:08:34,975 log_dir: runs/illustris_s32_adam
2018-06-12 11:08:34,975 padding: same
2018-06-12 11:08:34,975 conv1_filters: 32
2018-06-12 11:08:34,975 conv1_kernel: [3, 3]
2018-06-12 11:08:34,975 conv1_activation: <function relu at 0x11216bf28>
2018-06-12 11:08:34,975 pool1_size: [2, 2]
2018-06-12 11:08:34,975 pool1_strides: 2
2018-06-12 11:08:34,975 conv2_filters: 32
2018-06-12 11:08:34,975 conv2_kernel: [3, 3]
2018-06-12 11:08:34,975 conv2_activation: <function relu at 0x11216bf28>
2018-06-12 11:08:34,975 pool2_size: [2, 2]
2018-06-12 11:08:34,975 pool2_strides: 2
2018-06-12 11:08:34,975 conv3_filters: 64
2018-06-12 11:08:34,975 conv3_kernel: [3, 3]
2018-06-12 11:08:34,975 conv3_activation: <function relu at 0x11216bf28>
2018-06-12 11:08:34,975 pool3_size: [2, 2]
2018-06-12 11:08:34,975 pool3_strides: 2
2018-06-12 11:08:34,975 dense1_units: 1064
2018-06-12 11:08:34,975 dense1_dropout: 0.5
2018-06-12 11:08:34,975 dense1_activation: <function relu at 0x11216bf28>
2018-06-12 11:08:34,975 learning_rate: 0.001
2018-06-12 11:08:34,975 optimizer: <class 'tensorflow.python.training.adam.AdamOptimizer'>
2018-06-12 11:08:34,975 train_loc: zoobot/illustris/tfrecord/illustris_major_s32_train.tfrecord
2018-06-12 11:08:34,975 test_loc: zoobot/illustris/tfrecord/illustris_major_s32_test.tfrecord
2018-06-12 11:08:34,975 label_col: merger
2018-06-12 11:08:34,975 test_stratify: True
2018-06-12 11:08:34,975 logging_hooks: ([<tensorflow.python.training.basic_session_run_hooks.LoggingTensorHook object at 0x181db6b860>], [<tensorflow.python.training.basic_session_run_hooks.LoggingTensorHook object at 0x181db8cf60>], [<tensorflow.python.training.basic_session_run_hooks.LoggingTensorHook object at 0x181db8cd30>])
2018-06-12 11:08:34,975 save_freq: 100
2018-06-12 11:08:34,976 channels: 1
2018-06-12 11:08:34,976 Using default config.
2018-06-12 11:08:34,976 Using config: {'_model_dir': 'runs/illustris_s32_adam', '_tf_random_seed': None, '_save_summary_steps': 100, '_save_checkpoints_steps': None, '_save_checkpoints_secs': 600, '_session_config': None, '_keep_checkpoint_max': 5, '_keep_checkpoint_every_n_hours': 10000, '_log_step_count_steps': 100, '_train_distribute': None, '_service': None, '_cluster_spec': <tensorflow.python.training.server_lib.ClusterSpec object at 0x181db982b0>, '_task_type': 'worker', '_task_id': 0, '_global_id_in_cluster': 0, '_master': '', '_evaluation_master': '', '_is_chief': True, '_num_ps_replicas': 0, '_num_worker_replicas': 1}
2018-06-12 11:08:40,353 Calling model_fn.
2018-06-12 11:08:40,775 Done calling model_fn.
2018-06-12 11:08:40,775 Create CheckpointSaverHook.
2018-06-12 11:08:41,147 Graph was finalized.
2018-06-12 11:08:41,282 Running local_init_op.
2018-06-12 11:08:41,291 Done running local_init_op.
2018-06-12 11:08:42,528 Saving checkpoints for 1 into runs/illustris_s32_adam/model.ckpt.
2018-06-12 11:08:42,867 labels = [1 1 1 1 1 0 1 1 1 1 0 1 1 1 0 0 1 0 0 0 1 0 1 0 0 0 1 1 1 0 0 1 0 1 0 1 1
 0 1 0 1 1 1 0 1 1 0 0 1 1 0 0 1 0 1 1 0 1 0 1 0 1 0 0 1 0 0 1 1 0 0 0 0 1
 1 1 1 0 1 0 0 0 0 1 0 1 0 0 1 0 0 1 0 0 1 0 1 0 1 0 0 0 1 1 1 1 0 0 0 1 1
 0 0 1 0 1 0 1 0 1 1 0 0 1 0 1 1 0], probabilities = [[0.0814138  0.9185862 ]
 [0.0061772  0.9938228 ]
 [0.00000001 1.        ]
 [0.98883086 0.01116913]
 [0.00000017 0.9999999 ]
 [0.00010112 0.9998989 ]
 [0.02678028 0.9732197 ]
 [0.00005358 0.99994636]
 [0.02567921 0.9743208 ]
 [0.00014967 0.9998503 ]
 [0.00139641 0.99860364]
 [0.5210171  0.4789829 ]
 [0.9965745  0.00342552]
 [0.00340134 0.99659866]
 [0.9999994  0.00000057]
 [0.00000951 0.99999046]
 [0.38643757 0.61356246]
 [0.00094446 0.99905556]
 [0.79234934 0.20765066]
 [0.00711953 0.99288046]
 [0.00003211 0.99996793]
 [0.91029435 0.08970563]
 [0.00050798 0.99949205]
 [0.00112982 0.9988702 ]
 [0.00326774 0.99673223]
 [0.3622793  0.6377207 ]
 [0.00082621 0.9991738 ]
 [0.00004528 0.9999547 ]
 [0.0000016  0.99999845]
 [0.00057836 0.9994217 ]
 [0.9916965  0.00830355]
 [0.00000172 0.99999833]
 [0.00000481 0.99999523]
 [0.9993617  0.00063837]
 [0.9735144  0.02648566]
 [0.0000071  0.99999285]
 [0.00000018 0.9999999 ]
 [0.99768114 0.00231887]
 [0.00189184 0.99810815]
 [0.46750864 0.5324914 ]
 [0.99899906 0.00100099]
 [0.08410675 0.9158933 ]
 [0.04340207 0.9565979 ]
 [0.0004981  0.99950194]
 [0.84979445 0.15020563]
 [0.01107128 0.98892874]
 [0.         1.        ]
 [0.99980193 0.00019814]
 [0.977674   0.02232605]
 [0.38831827 0.6116817 ]
 [0.99999857 0.0000014 ]
 [0.00082787 0.9991722 ]
 [0.8212757  0.17872427]
 [0.00066973 0.9993303 ]
 [0.9999999  0.00000012]
 [0.0000005  0.9999995 ]
 [0.18177909 0.8182209 ]
 [0.00043911 0.9995609 ]
 [0.2635185  0.7364815 ]
 [0.10834751 0.8916525 ]
 [0.01105692 0.9889431 ]
 [0.00000305 0.9999969 ]
 [0.5843621  0.41563788]
 [0.00000001 1.        ]
 [0.54553884 0.4544612 ]
 [0.9999913  0.00000874]
 [0.98206747 0.0179326 ]
 [0.9790886  0.02091141]
 [0.30410224 0.69589776]
 [0.0173876  0.9826124 ]
 [0.00003984 0.9999602 ]
 [0.7937313  0.20626871]
 [0.9590466  0.04095339]
 [0.95117617 0.04882389]
 [0.00528605 0.99471396]
 [0.4813454  0.51865464]
 [0.00003493 0.9999651 ]
 [0.00000337 0.99999666]
 [0.00000015 0.9999999 ]
 [0.00004418 0.9999558 ]
 [0.01355398 0.986446  ]
 [0.9985393  0.00146074]
 [0.12850454 0.8714954 ]
 [0.00001184 0.9999882 ]
 [0.8726841  0.12731594]
 [0.00013123 0.99986875]
 [0.8547765  0.14522353]
 [0.97827744 0.02172253]
 [0.00001168 0.9999883 ]
 [0.8813924  0.11860762]
 [0.99999964 0.00000035]
 [0.00067677 0.99932325]
 [0.05025165 0.9497484 ]
 [0.9999219  0.00007808]
 [0.00164553 0.99835455]
 [0.02228101 0.977719  ]
 [0.         1.        ]
 [0.7378292  0.26217082]
 [0.05460922 0.94539076]
 [0.00000149 0.99999845]
 [0.99250025 0.00749975]
 [0.00000908 0.99999094]
 [0.         1.        ]
 [0.03259183 0.9674082 ]
 [0.46112487 0.53887516]
 [0.00000015 0.9999999 ]
 [0.00057626 0.99942374]
 [0.06937416 0.9306258 ]
 [0.9375147  0.06248533]
 [0.         1.        ]
 [0.         1.        ]
 [0.00487376 0.99512625]
 [0.4387321  0.561268  ]
 [0.00000096 0.99999905]
 [0.99999857 0.00000137]
 [0.01838766 0.9816124 ]
 [0.00559327 0.9944067 ]
 [0.00000035 0.99999964]
 [0.00000023 0.99999976]
 [0.00228099 0.997719  ]
 [0.00376377 0.99623626]
 [0.9999887  0.00001127]
 [0.16372977 0.8362702 ]
 [0.7994143  0.20058574]
 [0.00010836 0.99989164]
 [0.00000009 0.9999999 ]
 [0.01328181 0.9867181 ]
 [1.         0.00000003]], mean_loss = 2.578138
2018-06-12 11:08:42,880 loss = 2.578138, step = 1
2018-06-12 11:08:44,010 Saving checkpoints for 7 into runs/illustris_s32_adam/model.ckpt.
2018-06-12 11:08:44,436 Loss for final step: 2.4621344.
2018-06-12 11:08:44,669 Calling model_fn.
2018-06-12 11:08:45,198 Done calling model_fn.
2018-06-12 11:08:45,210 Starting evaluation at 2018-06-12-10:08:45
2018-06-12 11:08:45,296 Graph was finalized.
2018-06-12 11:08:45,297 Restoring parameters from runs/illustris_s32_adam/model.ckpt-7
2018-06-12 11:08:45,357 Running local_init_op.
2018-06-12 11:08:45,379 Done running local_init_op.
2018-06-12 11:08:45,831 labels = [0 1 0 0 0 0 1 1 1 0 1 1 1 1 0 1 1 0 1 1 0 1 1 1 0 1 1 0 0 1 0 1 1 0 1 1 1
 0 0 1 0 0 1 0 0 0 1 0 0 1 0 0 1 1 0 1 1 1 0 1 1 0 1 0 1 1 1 0 1 1 1 0 0 1
 0 0 1 0 1 0 1 0 1 1 1 0 1 1 0 0 1 0 1 0 1 1 1 1 0 1 1 1 1 1 1 1 0 0 1 1 1
 0 0 1 0 1 0 1 0 0 1 1 0 1 1 1 0 0], probabilities = [[0.36650944 0.6334906 ]
 [0.94863975 0.05136026]
 [0.7515538  0.2484462 ]
 [0.71041846 0.28958154]
 [0.8739558  0.12604423]
 [0.9579818  0.04201819]
 [0.93450683 0.06549316]
 [0.8167526  0.18324742]
 [0.8752714  0.12472863]
 [0.96891326 0.0310867 ]
 [0.9252808  0.07471912]
 [0.8890478  0.11095217]
 [0.8295468  0.1704532 ]
 [0.8883005  0.1116995 ]
 [0.92003304 0.07996696]
 [0.96869177 0.03130822]
 [0.61841595 0.38158402]
 [0.40421557 0.5957844 ]
 [0.78978854 0.21021144]
 [0.8914107  0.10858926]
 [0.91040105 0.08959896]
 [0.81536835 0.18463168]
 [0.91879404 0.08120598]
 [0.81763595 0.18236409]
 [0.82063586 0.17936409]
 [0.90827036 0.09172965]
 [0.87971437 0.12028556]
 [0.7622721  0.23772793]
 [0.9729313  0.02706867]
 [0.8488509  0.15114908]
 [0.9480725  0.05192747]
 [0.53986794 0.46013215]
 [0.9616258  0.03837416]
 [0.62287927 0.37712076]
 [0.966554   0.03344602]
 [0.9646172  0.03538287]
 [0.764205   0.23579495]
 [0.96583873 0.03416128]
 [0.9504514  0.04954862]
 [0.80075383 0.19924617]
 [0.8072157  0.19278434]
 [0.7325327  0.2674673 ]
 [0.7884873  0.2115127 ]
 [0.9091402  0.09085978]
 [0.9654709  0.0345291 ]
 [0.95694125 0.04305874]
 [0.7091655  0.29083446]
 [0.8803704  0.11962963]
 [0.9017703  0.09822971]
 [0.71558493 0.28441507]
 [0.5396154  0.46038464]
 [0.8963064  0.10369361]
 [0.82628334 0.1737166 ]
 [0.8921812  0.10781879]
 [0.44218528 0.5578148 ]
 [0.89973605 0.10026398]
 [0.84882945 0.15117055]
 [0.6301862  0.3698138 ]
 [0.89002234 0.10997774]
 [0.9270177  0.0729823 ]
 [0.89488786 0.10511214]
 [0.947734   0.05226602]
 [0.8668203  0.13317971]
 [0.9774359  0.02256406]
 [0.6690631  0.33093694]
 [0.88547075 0.11452926]
 [0.95855105 0.04144897]
 [0.7334958  0.26650432]
 [0.95417625 0.04582374]
 [0.98730797 0.01269204]
 [0.83021444 0.16978554]
 [0.5723647  0.42763528]
 [0.61730236 0.38269767]
 [0.8938932  0.10610684]
 [0.61530256 0.3846975 ]
 [0.9946168  0.00538321]
 [0.8797992  0.1202008 ]
 [0.712993   0.28700697]
 [0.8739903  0.12600963]
 [0.62807155 0.37192848]
 [0.9559467  0.0440533 ]
 [0.96603817 0.0339618 ]
 [0.93671584 0.06328411]
 [0.7964025  0.20359753]
 [0.54329723 0.45670274]
 [0.8248582  0.17514187]
 [0.86550975 0.13449022]
 [0.8448295  0.15517046]
 [0.7873376  0.21266244]
 [0.66936845 0.33063152]
 [0.9091234  0.09087665]
 [0.7428647  0.25713527]
 [0.53767705 0.46232295]
 [0.65823245 0.34176752]
 [0.77938384 0.22061616]
 [0.8806931  0.11930686]
 [0.9417094  0.05829059]
 [0.8316101  0.16838993]
 [0.8281618  0.1718382 ]
 [0.8630262  0.13697374]
 [0.58974653 0.41025352]
 [0.8629505  0.13704951]
 [0.89600956 0.10399041]
 [0.79408723 0.20591278]
 [0.90869963 0.09130033]
 [0.8580106  0.14198942]
 [0.7383976  0.26160243]
 [0.9444778  0.05552224]
 [0.8491735  0.15082648]
 [0.9195704  0.0804296 ]
 [0.8752659  0.12473407]
 [0.99272126 0.00727873]
 [0.9646939  0.03530604]
 [0.9098828  0.09011723]
 [0.44125903 0.558741  ]
 [0.79262066 0.20737934]
 [0.864707   0.13529305]
 [0.98453516 0.01546486]
 [0.8156275  0.18437257]
 [0.57719314 0.4228069 ]
 [0.8154129  0.18458712]
 [0.6401926  0.3598073 ]
 [0.86060226 0.13939776]
 [0.75930417 0.24069582]
 [0.98423314 0.01576688]
 [0.8841291  0.11587091]
 [0.74956673 0.25043324]
 [0.8209363  0.17906374]], mean_loss = 1.3307905
2018-06-12 11:08:45,831 Evaluation [1/3]
2018-06-12 11:08:46,038 Finished evaluation at 2018-06-12-10:08:46
2018-06-12 11:08:46,038 Saving dict for global step 7: acc/accuracy = 0.390625, acc/mean_per_class_accuracy = 0.46296296, confusion/false_negatives = 74.0, confusion/false_positives = 4.0, confusion/true_negatives = 50.0, confusion/true_positives = 0.0, global_step = 7, loss = 1.3307905, pr/auc = 0.46296296, pr/precision = 0.0, pr/recall = 0.0
